{"level":"info","message":"⌛ Validating jerry/testExample.wtest","timeElapsed":117,"timestamp":"2024-09-01T15:15:33.424Z"}
{"level":"info","message":"⌛ Building environment","timeElapsed":791,"timestamp":"2024-09-01T15:15:36.537Z"}
{"level":"error","message":"✘ Completions for node failed: Error: [Send]{b1cab4} at jerry/testExample.wtest:22 exhausted all cases without a match [Send]{b1cab4} at jerry/testExample.wtest:22 exhausted all cases without a match","stack":"Error: [Send]{b1cab4} at jerry/testExample.wtest:22 exhausted all cases without a match\n    at c:\\Users\\egian\\.vscode\\extensions\\uqbar.wollok-lsp-ide-0.3.3\\node_modules\\wollok-ts\\dist\\extensions.js:85:11\n    at completionsForNode (c:\\Users\\egian\\.vscode\\extensions\\uqbar.wollok-lsp-ide-0.3.3\\server\\out\\functionalities\\autocomplete\\node-completion.js:10:44)\n    at completeForParent (c:\\Users\\egian\\.vscode\\extensions\\uqbar.wollok-lsp-ide-0.3.3\\server\\out\\functionalities\\autocomplete\\node-completion.js:56:43)\n    at completeReference (c:\\Users\\egian\\.vscode\\extensions\\uqbar.wollok-lsp-ide-0.3.3\\server\\out\\functionalities\\autocomplete\\node-completion.js:64:135)\n    at c:\\Users\\egian\\.vscode\\extensions\\uqbar.wollok-lsp-ide-0.3.3\\node_modules\\wollok-ts\\dist\\extensions.js:84:20\n    at completionsForNode (c:\\Users\\egian\\.vscode\\extensions\\uqbar.wollok-lsp-ide-0.3.3\\server\\out\\functionalities\\autocomplete\\node-completion.js:10:44)\n    at c:\\Users\\egian\\.vscode\\extensions\\uqbar.wollok-lsp-ide-0.3.3\\server\\out\\functionalities\\autocomplete\\autocomplete.js:26:154\n    at c:\\Users\\egian\\.vscode\\extensions\\uqbar.wollok-lsp-ide-0.3.3\\server\\out\\server.js:198:20\n    at c:\\Users\\egian\\.vscode\\extensions\\uqbar.wollok-lsp-ide-0.3.3\\server\\node_modules\\vscode-languageserver\\lib\\common\\server.js:593:20\n    at handleRequest (c:\\Users\\egian\\.vscode\\extensions\\uqbar.wollok-lsp-ide-0.3.3\\server\\node_modules\\vscode-jsonrpc\\lib\\common\\connection.js:493:41)","timestamp":"2024-09-01T15:15:36.716Z"}
{"level":"info","message":"⌛ Building environment","timeElapsed":220,"timestamp":"2024-09-01T15:15:36.939Z"}
{"level":"info","message":"⌛ Validating jerry/testExample.wtest","timeElapsed":207,"timestamp":"2024-09-01T15:15:37.194Z"}
{"level":"info","message":"⌛ Building environment","timeElapsed":136,"timestamp":"2024-09-01T15:15:37.335Z"}
{"level":"info","message":"onRequest - completionItem/resolve","timestamp":"2024-09-01T15:15:37.379Z"}
{"level":"info","message":"⌛ Building environment","timeElapsed":151,"timestamp":"2024-09-01T15:15:37.551Z"}
{"level":"info","message":"onRequest - completionItem/resolve","timestamp":"2024-09-01T15:15:37.558Z"}
{"level":"info","message":"⌛ Validating jerry/testExample.wtest","timeElapsed":154,"timestamp":"2024-09-01T15:15:37.712Z"}
{"level":"info","message":"⌛ Building environment","timeElapsed":153,"timestamp":"2024-09-01T15:15:37.872Z"}
{"level":"info","message":"onRequest - completionItem/resolve","timestamp":"2024-09-01T15:15:37.874Z"}
{"level":"info","message":"⌛ Validating jerry/testExample.wtest","timeElapsed":267,"timestamp":"2024-09-01T15:15:38.157Z"}
{"level":"info","message":"⌛ Validating jerry/testExample.wtest","timeElapsed":226,"timestamp":"2024-09-01T15:15:38.410Z"}
{"level":"info","message":"⌛ Validating jerry/testExample.wtest","timeElapsed":195,"timestamp":"2024-09-01T15:15:38.605Z"}
{"level":"info","message":"⌛ Building environment","timeElapsed":175,"timestamp":"2024-09-01T15:15:45.925Z"}
{"level":"error","message":"✘ Completions for node failed: Error: [Send]{d5c3c5} at jerry/testExample.wtest:23 exhausted all cases without a match [Send]{d5c3c5} at jerry/testExample.wtest:23 exhausted all cases without a match","stack":"Error: [Send]{d5c3c5} at jerry/testExample.wtest:23 exhausted all cases without a match\n    at c:\\Users\\egian\\.vscode\\extensions\\uqbar.wollok-lsp-ide-0.3.3\\node_modules\\wollok-ts\\dist\\extensions.js:85:11\n    at completionsForNode (c:\\Users\\egian\\.vscode\\extensions\\uqbar.wollok-lsp-ide-0.3.3\\server\\out\\functionalities\\autocomplete\\node-completion.js:10:44)\n    at c:\\Users\\egian\\.vscode\\extensions\\uqbar.wollok-lsp-ide-0.3.3\\server\\out\\functionalities\\autocomplete\\autocomplete.js:26:154\n    at c:\\Users\\egian\\.vscode\\extensions\\uqbar.wollok-lsp-ide-0.3.3\\server\\out\\server.js:198:20\n    at c:\\Users\\egian\\.vscode\\extensions\\uqbar.wollok-lsp-ide-0.3.3\\server\\node_modules\\vscode-languageserver\\lib\\common\\server.js:593:20\n    at handleRequest (c:\\Users\\egian\\.vscode\\extensions\\uqbar.wollok-lsp-ide-0.3.3\\server\\node_modules\\vscode-jsonrpc\\lib\\common\\connection.js:493:41)\n    at handleMessage (c:\\Users\\egian\\.vscode\\extensions\\uqbar.wollok-lsp-ide-0.3.3\\server\\node_modules\\vscode-jsonrpc\\lib\\common\\connection.js:339:13)\n    at processMessageQueue (c:\\Users\\egian\\.vscode\\extensions\\uqbar.wollok-lsp-ide-0.3.3\\server\\node_modules\\vscode-jsonrpc\\lib\\common\\connection.js:362:17)\n    at Immediate._onImmediate (c:\\Users\\egian\\.vscode\\extensions\\uqbar.wollok-lsp-ide-0.3.3\\server\\node_modules\\vscode-jsonrpc\\lib\\common\\connection.js:334:13)\n    at process.processImmediate (node:internal/timers:478:21)","timestamp":"2024-09-01T15:15:45.974Z"}
{"level":"info","message":"⌛ Validating jerry/testExample.wtest","timeElapsed":287,"timestamp":"2024-09-01T15:15:46.276Z"}
{"level":"info","message":"onRequest - completionItem/resolve","timestamp":"2024-09-01T15:15:46.276Z"}
{"level":"info","message":"⌛ Building environment","timeElapsed":130,"timestamp":"2024-09-01T15:15:46.407Z"}
{"level":"info","message":"onRequest - completionItem/resolve","timestamp":"2024-09-01T15:15:46.407Z"}
{"level":"info","message":"⌛ Building environment","timeElapsed":183,"timestamp":"2024-09-01T15:15:46.591Z"}
{"level":"info","message":"onRequest - completionItem/resolve","timestamp":"2024-09-01T15:15:46.594Z"}
{"level":"info","message":"⌛ Building environment","timeElapsed":268,"timestamp":"2024-09-01T15:15:46.871Z"}
{"level":"info","message":"onRequest - completionItem/resolve","timestamp":"2024-09-01T15:15:46.871Z"}
{"level":"info","message":"⌛ Validating jerry/testExample.wtest","timeElapsed":208,"timestamp":"2024-09-01T15:15:47.086Z"}
{"level":"info","message":"⌛ Validating jerry/testExample.wtest","timeElapsed":190,"timestamp":"2024-09-01T15:15:47.276Z"}
{"level":"info","message":"⌛ Validating jerry/testExample.wtest","timeElapsed":154,"timestamp":"2024-09-01T15:15:47.445Z"}
{"level":"info","message":"⌛ Building environment","timeElapsed":138,"timestamp":"2024-09-01T15:15:47.583Z"}
{"level":"info","message":"onRequest - completionItem/resolve","timestamp":"2024-09-01T15:15:47.584Z"}
{"level":"info","message":"⌛ Building environment","timeElapsed":185,"timestamp":"2024-09-01T15:15:47.769Z"}
{"level":"info","message":"onRequest - completionItem/resolve","timestamp":"2024-09-01T15:15:47.801Z"}
{"level":"info","message":"⌛ Building environment","timeElapsed":317,"timestamp":"2024-09-01T15:15:48.119Z"}
{"level":"info","message":"onRequest - completionItem/resolve","timestamp":"2024-09-01T15:15:48.120Z"}
{"level":"info","message":"⌛ Building environment","timeElapsed":116,"timestamp":"2024-09-01T15:15:48.236Z"}
{"level":"error","message":"✘ Completions for node failed: Error: [Send]{feff13} at jerry/testExample.wtest:23 exhausted all cases without a match [Send]{feff13} at jerry/testExample.wtest:23 exhausted all cases without a match","stack":"Error: [Send]{feff13} at jerry/testExample.wtest:23 exhausted all cases without a match\n    at c:\\Users\\egian\\.vscode\\extensions\\uqbar.wollok-lsp-ide-0.3.3\\node_modules\\wollok-ts\\dist\\extensions.js:85:11\n    at completionsForNode (c:\\Users\\egian\\.vscode\\extensions\\uqbar.wollok-lsp-ide-0.3.3\\server\\out\\functionalities\\autocomplete\\node-completion.js:10:44)\n    at c:\\Users\\egian\\.vscode\\extensions\\uqbar.wollok-lsp-ide-0.3.3\\server\\out\\functionalities\\autocomplete\\autocomplete.js:26:154\n    at c:\\Users\\egian\\.vscode\\extensions\\uqbar.wollok-lsp-ide-0.3.3\\server\\out\\server.js:198:20\n    at c:\\Users\\egian\\.vscode\\extensions\\uqbar.wollok-lsp-ide-0.3.3\\server\\node_modules\\vscode-languageserver\\lib\\common\\server.js:593:20\n    at handleRequest (c:\\Users\\egian\\.vscode\\extensions\\uqbar.wollok-lsp-ide-0.3.3\\server\\node_modules\\vscode-jsonrpc\\lib\\common\\connection.js:493:41)\n    at handleMessage (c:\\Users\\egian\\.vscode\\extensions\\uqbar.wollok-lsp-ide-0.3.3\\server\\node_modules\\vscode-jsonrpc\\lib\\common\\connection.js:339:13)\n    at processMessageQueue (c:\\Users\\egian\\.vscode\\extensions\\uqbar.wollok-lsp-ide-0.3.3\\server\\node_modules\\vscode-jsonrpc\\lib\\common\\connection.js:362:17)\n    at Immediate._onImmediate (c:\\Users\\egian\\.vscode\\extensions\\uqbar.wollok-lsp-ide-0.3.3\\server\\node_modules\\vscode-jsonrpc\\lib\\common\\connection.js:334:13)\n    at process.processImmediate (node:internal/timers:478:21)","timestamp":"2024-09-01T15:15:48.261Z"}
{"level":"info","message":"⌛ Validating jerry/testExample.wtest","timeElapsed":139,"timestamp":"2024-09-01T15:15:48.403Z"}
{"level":"info","message":"⌛ Validating jerry/testExample.wtest","timeElapsed":103,"timestamp":"2024-09-01T15:15:48.507Z"}
{"level":"info","message":"⌛ Validating jerry/testExample.wtest","timeElapsed":178,"timestamp":"2024-09-01T15:15:48.688Z"}
{"level":"info","message":"⌛ Validating jerry/testExample.wtest","timeElapsed":170,"timestamp":"2024-09-01T15:15:48.860Z"}
{"level":"info","message":"⌛ Building environment","timeElapsed":116,"timestamp":"2024-09-01T15:15:52.124Z"}
{"level":"info","message":"⌛ Validating jerry/testExample.wtest","timeElapsed":122,"timestamp":"2024-09-01T15:15:52.277Z"}
{"level":"info","message":"⌛ Building environment","timeElapsed":114,"timestamp":"2024-09-01T15:15:52.391Z"}
{"level":"info","message":"⌛ Validating jerry/testExample.wtest","timeElapsed":126,"timestamp":"2024-09-01T15:15:52.518Z"}
{"level":"info","message":"⌛ Validating jerry/testExample.wtest","timeElapsed":117,"timestamp":"2024-09-01T15:15:53.552Z"}
{"level":"info","message":"⌛ Building environment","timeElapsed":144,"timestamp":"2024-09-01T15:15:55.767Z"}
{"level":"info","message":"⌛ Validating jerry/testExample.wtest","timeElapsed":162,"timestamp":"2024-09-01T15:15:55.969Z"}
{"level":"info","message":"⌛ Building environment","timeElapsed":105,"timestamp":"2024-09-01T15:15:56.446Z"}
{"level":"info","message":"⌛ Validating jerry/testExample.wtest","timeElapsed":116,"timestamp":"2024-09-01T15:15:56.566Z"}
{"level":"info","message":"⌛ Validating jerry/testExample.wtest","timeElapsed":148,"timestamp":"2024-09-01T15:15:56.828Z"}
{"level":"info","message":"⌛ Building environment","timeElapsed":103,"timestamp":"2024-09-01T15:15:57.122Z"}
{"level":"info","message":"⌛ Validating jerry/testExample.wtest","timeElapsed":146,"timestamp":"2024-09-01T15:15:57.268Z"}
{"level":"info","message":"⌛ Building environment","timeElapsed":119,"timestamp":"2024-09-01T15:15:59.104Z"}
{"level":"error","message":"✘ Completions for node failed: Error: [Send]{9d6f89} at jerry/testExample.wtest:23 exhausted all cases without a match [Send]{9d6f89} at jerry/testExample.wtest:23 exhausted all cases without a match","stack":"Error: [Send]{9d6f89} at jerry/testExample.wtest:23 exhausted all cases without a match\n    at c:\\Users\\egian\\.vscode\\extensions\\uqbar.wollok-lsp-ide-0.3.3\\node_modules\\wollok-ts\\dist\\extensions.js:85:11\n    at completionsForNode (c:\\Users\\egian\\.vscode\\extensions\\uqbar.wollok-lsp-ide-0.3.3\\server\\out\\functionalities\\autocomplete\\node-completion.js:10:44)\n    at completeForParent (c:\\Users\\egian\\.vscode\\extensions\\uqbar.wollok-lsp-ide-0.3.3\\server\\out\\functionalities\\autocomplete\\node-completion.js:56:43)\n    at completeReference (c:\\Users\\egian\\.vscode\\extensions\\uqbar.wollok-lsp-ide-0.3.3\\server\\out\\functionalities\\autocomplete\\node-completion.js:64:135)\n    at c:\\Users\\egian\\.vscode\\extensions\\uqbar.wollok-lsp-ide-0.3.3\\node_modules\\wollok-ts\\dist\\extensions.js:84:20\n    at completionsForNode (c:\\Users\\egian\\.vscode\\extensions\\uqbar.wollok-lsp-ide-0.3.3\\server\\out\\functionalities\\autocomplete\\node-completion.js:10:44)\n    at c:\\Users\\egian\\.vscode\\extensions\\uqbar.wollok-lsp-ide-0.3.3\\server\\out\\functionalities\\autocomplete\\autocomplete.js:26:154\n    at c:\\Users\\egian\\.vscode\\extensions\\uqbar.wollok-lsp-ide-0.3.3\\server\\out\\server.js:198:20\n    at c:\\Users\\egian\\.vscode\\extensions\\uqbar.wollok-lsp-ide-0.3.3\\server\\node_modules\\vscode-languageserver\\lib\\common\\server.js:593:20\n    at handleRequest (c:\\Users\\egian\\.vscode\\extensions\\uqbar.wollok-lsp-ide-0.3.3\\server\\node_modules\\vscode-jsonrpc\\lib\\common\\connection.js:493:41)","timestamp":"2024-09-01T15:15:59.149Z"}
{"level":"error","message":"✘ Completions for node failed: Error: [Send]{0265ce} at jerry/testExample.wtest:23 exhausted all cases without a match [Send]{0265ce} at jerry/testExample.wtest:23 exhausted all cases without a match","stack":"Error: [Send]{0265ce} at jerry/testExample.wtest:23 exhausted all cases without a match\n    at c:\\Users\\egian\\.vscode\\extensions\\uqbar.wollok-lsp-ide-0.3.3\\node_modules\\wollok-ts\\dist\\extensions.js:85:11\n    at completionsForNode (c:\\Users\\egian\\.vscode\\extensions\\uqbar.wollok-lsp-ide-0.3.3\\server\\out\\functionalities\\autocomplete\\node-completion.js:10:44)\n    at completeForParent (c:\\Users\\egian\\.vscode\\extensions\\uqbar.wollok-lsp-ide-0.3.3\\server\\out\\functionalities\\autocomplete\\node-completion.js:56:43)\n    at completionsForNode (c:\\Users\\egian\\.vscode\\extensions\\uqbar.wollok-lsp-ide-0.3.3\\server\\out\\functionalities\\autocomplete\\node-completion.js:14:46)\n    at completeForParent (c:\\Users\\egian\\.vscode\\extensions\\uqbar.wollok-lsp-ide-0.3.3\\server\\out\\functionalities\\autocomplete\\node-completion.js:56:43)\n    at completeReference (c:\\Users\\egian\\.vscode\\extensions\\uqbar.wollok-lsp-ide-0.3.3\\server\\out\\functionalities\\autocomplete\\node-completion.js:64:135)\n    at c:\\Users\\egian\\.vscode\\extensions\\uqbar.wollok-lsp-ide-0.3.3\\node_modules\\wollok-ts\\dist\\extensions.js:84:20\n    at completionsForNode (c:\\Users\\egian\\.vscode\\extensions\\uqbar.wollok-lsp-ide-0.3.3\\server\\out\\functionalities\\autocomplete\\node-completion.js:10:44)\n    at c:\\Users\\egian\\.vscode\\extensions\\uqbar.wollok-lsp-ide-0.3.3\\server\\out\\functionalities\\autocomplete\\autocomplete.js:26:154\n    at c:\\Users\\egian\\.vscode\\extensions\\uqbar.wollok-lsp-ide-0.3.3\\server\\out\\server.js:198:20","timestamp":"2024-09-01T15:15:59.150Z"}
{"level":"error","message":"✘ Completions for node failed: Error: [Send]{17f042} at jerry/testExample.wtest:23 exhausted all cases without a match [Send]{17f042} at jerry/testExample.wtest:23 exhausted all cases without a match","stack":"Error: [Send]{17f042} at jerry/testExample.wtest:23 exhausted all cases without a match\n    at c:\\Users\\egian\\.vscode\\extensions\\uqbar.wollok-lsp-ide-0.3.3\\node_modules\\wollok-ts\\dist\\extensions.js:85:11\n    at completionsForNode (c:\\Users\\egian\\.vscode\\extensions\\uqbar.wollok-lsp-ide-0.3.3\\server\\out\\functionalities\\autocomplete\\node-completion.js:10:44)\n    at completeForParent (c:\\Users\\egian\\.vscode\\extensions\\uqbar.wollok-lsp-ide-0.3.3\\server\\out\\functionalities\\autocomplete\\node-completion.js:56:43)\n    at completionsForNode (c:\\Users\\egian\\.vscode\\extensions\\uqbar.wollok-lsp-ide-0.3.3\\server\\out\\functionalities\\autocomplete\\node-completion.js:14:46)\n    at completeForParent (c:\\Users\\egian\\.vscode\\extensions\\uqbar.wollok-lsp-ide-0.3.3\\server\\out\\functionalities\\autocomplete\\node-completion.js:56:43)\n    at completionsForNode (c:\\Users\\egian\\.vscode\\extensions\\uqbar.wollok-lsp-ide-0.3.3\\server\\out\\functionalities\\autocomplete\\node-completion.js:14:46)\n    at completeForParent (c:\\Users\\egian\\.vscode\\extensions\\uqbar.wollok-lsp-ide-0.3.3\\server\\out\\functionalities\\autocomplete\\node-completion.js:56:43)\n    at completeReference (c:\\Users\\egian\\.vscode\\extensions\\uqbar.wollok-lsp-ide-0.3.3\\server\\out\\functionalities\\autocomplete\\node-completion.js:64:135)\n    at c:\\Users\\egian\\.vscode\\extensions\\uqbar.wollok-lsp-ide-0.3.3\\node_modules\\wollok-ts\\dist\\extensions.js:84:20\n    at completionsForNode (c:\\Users\\egian\\.vscode\\extensions\\uqbar.wollok-lsp-ide-0.3.3\\server\\out\\functionalities\\autocomplete\\node-completion.js:10:44)","timestamp":"2024-09-01T15:15:59.150Z"}
{"level":"info","message":"⌛ Validating jerry/testExample.wtest","timeElapsed":131,"timestamp":"2024-09-01T15:15:59.284Z"}
{"level":"info","message":"onRequest - completionItem/resolve","timestamp":"2024-09-01T15:15:59.285Z"}
{"level":"info","message":"onRequest - completionItem/resolve","timestamp":"2024-09-01T15:15:59.361Z"}
{"level":"info","message":"⌛ Validating jerry/testExample.wtest","timeElapsed":160,"timestamp":"2024-09-01T15:15:59.522Z"}
{"level":"info","message":"⌛ Building environment","timeElapsed":113,"timestamp":"2024-09-01T15:15:59.639Z"}
{"level":"info","message":"onRequest - completionItem/resolve","timestamp":"2024-09-01T15:15:59.660Z"}
{"level":"info","message":"⌛ Building environment","timeElapsed":149,"timestamp":"2024-09-01T15:15:59.812Z"}
{"level":"info","message":"onRequest - completionItem/resolve","timestamp":"2024-09-01T15:15:59.835Z"}
{"level":"info","message":"⌛ Validating jerry/testExample.wtest","timeElapsed":220,"timestamp":"2024-09-01T15:16:00.056Z"}
{"level":"info","message":"⌛ Building environment","timeElapsed":186,"timestamp":"2024-09-01T15:16:00.243Z"}
{"level":"info","message":"onRequest - completionItem/resolve","timestamp":"2024-09-01T15:16:00.258Z"}
{"level":"info","message":"⌛ Building environment","timeElapsed":215,"timestamp":"2024-09-01T15:16:00.474Z"}
{"level":"info","message":"⌛ Validating jerry/testExample.wtest","timeElapsed":187,"timestamp":"2024-09-01T15:16:00.669Z"}
{"level":"info","message":"⌛ Validating jerry/testExample.wtest","timeElapsed":170,"timestamp":"2024-09-01T15:16:00.852Z"}
{"level":"info","message":"⌛ Building environment","timeElapsed":295,"timestamp":"2024-09-01T15:16:01.147Z"}
{"level":"info","message":"⌛ Validating jerry/testExample.wtest","timeElapsed":221,"timestamp":"2024-09-01T15:16:01.370Z"}
{"level":"info","message":"⌛ Building environment","timeElapsed":162,"timestamp":"2024-09-01T15:16:01.539Z"}
{"level":"info","message":"⌛ Validating jerry/testExample.wtest","timeElapsed":229,"timestamp":"2024-09-01T15:16:01.899Z"}
{"level":"info","message":"⌛ Building environment","timeElapsed":117,"timestamp":"2024-09-01T15:16:02.020Z"}
{"level":"info","message":"⌛ Validating jerry/testExample.wtest","timeElapsed":139,"timestamp":"2024-09-01T15:16:02.284Z"}
{"level":"info","message":"⌛ Building environment","timeElapsed":107,"timestamp":"2024-09-01T15:16:02.392Z"}
{"level":"info","message":"onRequest - completionItem/resolve","timestamp":"2024-09-01T15:16:02.393Z"}
{"level":"info","message":"⌛ Building environment","timeElapsed":196,"timestamp":"2024-09-01T15:16:02.589Z"}
{"level":"info","message":"onRequest - completionItem/resolve","timestamp":"2024-09-01T15:16:02.590Z"}
{"level":"info","message":"⌛ Validating jerry/testExample.wtest","timeElapsed":154,"timestamp":"2024-09-01T15:16:02.744Z"}
{"level":"info","message":"⌛ Validating jerry/testExample.wtest","timeElapsed":177,"timestamp":"2024-09-01T15:16:02.937Z"}
{"level":"info","message":"⌛ Validating jerry/testExample.wtest","timeElapsed":123,"timestamp":"2024-09-01T15:16:03.060Z"}
{"level":"info","message":"⌛ Validating jerry/testExample.wtest","timeElapsed":128,"timestamp":"2024-09-01T15:16:03.190Z"}
{"level":"info","message":"⌛ Building environment","timeElapsed":145,"timestamp":"2024-09-01T15:16:03.492Z"}
{"level":"info","message":"⌛ Validating jerry/testExample.wtest","timeElapsed":135,"timestamp":"2024-09-01T15:16:03.639Z"}
{"level":"info","message":"⌛ Validating jerry/testExample.wtest","timeElapsed":149,"timestamp":"2024-09-01T15:16:03.788Z"}
{"level":"info","message":"⌛ Building environment","timeElapsed":176,"timestamp":"2024-09-01T15:16:04.702Z"}
{"level":"info","message":"⌛ Validating jerry/testExample.wtest","timeElapsed":160,"timestamp":"2024-09-01T15:16:04.864Z"}
{"level":"info","message":"⌛ Building environment","timeElapsed":119,"timestamp":"2024-09-01T15:16:05.080Z"}
{"level":"info","message":"⌛ Validating jerry/testExample.wtest","timeElapsed":123,"timestamp":"2024-09-01T15:16:05.210Z"}
{"level":"info","message":"⌛ Building environment","timeElapsed":124,"timestamp":"2024-09-01T15:16:08.836Z"}
{"level":"info","message":"⌛ Validating jerry/testExample.wtest","timeElapsed":141,"timestamp":"2024-09-01T15:16:08.978Z"}
{"failures":[{"error":["wollok.lang.EvaluationError wrapping TypeScript Error: Could not resolve reference to jerry or its a reference to void","  at jerry.testExample.\"group of tests for jerry\".\"when jerry hurry, your velocity should be increase to 50%\" [jerry/testExample.wtest:5]"],"test":"jerry.testExample.\"group of tests for jerry\".\"when jerry hurry, your velocity should be increase to 50%\""}],"level":"info","message":"🧪 Test runner executed on c:/Users/egian/OneDrive/Escritorio/Z/Educacion/Cursos/ONE/Wollok-PdP-Objects","result":{"failed":1,"ok":0},"timeElapsed":1192,"timestamp":"2024-09-01T15:17:36.778Z"}
{"level":"info","message":"⌛ Building environment","timeElapsed":2436,"timestamp":"2024-09-01T15:18:37.600Z"}
{"level":"info","message":"onRequest - STRONG_FILES_CHANGED:c:\\Users\\egian\\OneDrive\\Escritorio\\Z\\Educacion\\Cursos\\ONE\\Wollok-PdP-Objects\\jerry\\example.wlk","timestamp":"2024-09-01T15:18:37.625Z"}
{"level":"info","message":"⌛ Building environment","timeElapsed":1044,"timestamp":"2024-09-01T15:18:38.675Z"}
{"level":"info","message":"⌛ Building environment","timeElapsed":764,"timestamp":"2024-09-01T15:18:39.440Z"}
{"level":"info","message":"⌛ Validating jerry/tomYJerry.wlk","timeElapsed":299,"timestamp":"2024-09-01T15:18:39.750Z"}
{"level":"info","message":"Removing diagnostics from \\Users\\egian\\OneDrive\\Escritorio\\Z\\Educacion\\Cursos\\ONE\\Wollok-PdP-Objects\\jerry\\example.wlk","timestamp":"2024-09-01T15:18:39.751Z"}
{"level":"info","message":"onRequest - WORKSPACE_URI:file:///c%3A/Users/egian/OneDrive/Escritorio/Z/Educacion/Cursos/ONE/Wollok-PdP-Objects","timestamp":"2024-09-01T15:18:39.837Z"}
{"level":"info","message":"⌛ Building environment","timeElapsed":103,"timestamp":"2024-09-01T15:18:39.949Z"}
{"level":"info","message":"⌛ Building environment","timeElapsed":122,"timestamp":"2024-09-01T15:18:40.071Z"}
{"level":"info","message":"⌛ Building environment","timeElapsed":121,"timestamp":"2024-09-01T15:18:40.195Z"}
{"level":"info","message":"⌛ Building environment","timeElapsed":170,"timestamp":"2024-09-01T15:18:40.367Z"}
{"level":"info","message":"⌛ Building environment","timeElapsed":383,"timestamp":"2024-09-01T15:18:40.773Z"}
{"level":"info","message":"⌛ Building environment","timeElapsed":125,"timestamp":"2024-09-01T15:18:40.899Z"}
{"level":"info","message":"⌛ Validating laFeria/testExample.wtest","timeElapsed":344,"timestamp":"2024-09-01T15:18:41.275Z"}
{"level":"info","message":"⌛ Validating laFeria/example.wlk","timeElapsed":267,"timestamp":"2024-09-01T15:18:41.543Z"}
{"level":"info","message":"⌛ Validating comienz/testExample.wtest","timeElapsed":108,"timestamp":"2024-09-01T15:18:41.680Z"}
{"level":"info","message":"⌛ Validating comienz/example.wlk","timeElapsed":181,"timestamp":"2024-09-01T15:18:41.861Z"}
{"level":"info","message":"⌛ Validating aves/testPepita.wtest","timeElapsed":144,"timestamp":"2024-09-01T15:18:42.034Z"}
{"level":"info","message":"⌛ Validating aves/pepita.wlk","timeElapsed":142,"timestamp":"2024-09-01T15:18:42.178Z"}
{"level":"info","message":"⌛ Building environment","timeElapsed":475,"timestamp":"2024-09-01T15:18:45.423Z"}
{"level":"info","message":"⌛ Building environment","timeElapsed":241,"timestamp":"2024-09-01T15:18:45.711Z"}
{"level":"info","message":"⌛ Building environment","timeElapsed":556,"timestamp":"2024-09-01T15:18:46.269Z"}
{"level":"info","message":"⌛ Validating jerry/testExample.wtest","timeElapsed":473,"timestamp":"2024-09-01T15:18:46.742Z"}
{"level":"info","message":"onRequest - completionItem/resolve","timestamp":"2024-09-01T15:18:46.804Z"}
{"level":"info","message":"⌛ Validating jerry/testExample.wtest","timeElapsed":274,"timestamp":"2024-09-01T15:18:47.138Z"}
{"level":"info","message":"⌛ Building environment","timeElapsed":345,"timestamp":"2024-09-01T15:18:47.524Z"}
{"level":"info","message":"onRequest - completionItem/resolve","timestamp":"2024-09-01T15:18:47.534Z"}
{"level":"info","message":"⌛ Validating jerry/testExample.wtest","timeElapsed":292,"timestamp":"2024-09-01T15:18:47.826Z"}
{"level":"info","message":"⌛ Building environment","timeElapsed":180,"timestamp":"2024-09-01T15:18:48.023Z"}
{"level":"info","message":"onRequest - completionItem/resolve","timestamp":"2024-09-01T15:18:48.024Z"}
{"level":"info","message":"⌛ Building environment","timeElapsed":281,"timestamp":"2024-09-01T15:18:48.309Z"}
{"level":"info","message":"onRequest - completionItem/resolve","timestamp":"2024-09-01T15:18:48.310Z"}
{"level":"info","message":"⌛ Building environment","timeElapsed":443,"timestamp":"2024-09-01T15:18:48.772Z"}
{"level":"info","message":"onRequest - completionItem/resolve","timestamp":"2024-09-01T15:18:48.777Z"}
{"level":"info","message":"⌛ Validating jerry/testExample.wtest","timeElapsed":271,"timestamp":"2024-09-01T15:18:49.048Z"}
{"level":"info","message":"⌛ Building environment","timeElapsed":192,"timestamp":"2024-09-01T15:18:49.241Z"}
{"level":"info","message":"onRequest - completionItem/resolve","timestamp":"2024-09-01T15:18:49.242Z"}
{"level":"info","message":"⌛ Building environment","timeElapsed":252,"timestamp":"2024-09-01T15:18:49.506Z"}
{"level":"info","message":"onRequest - completionItem/resolve","timestamp":"2024-09-01T15:18:49.507Z"}
{"level":"info","message":"⌛ Building environment","timeElapsed":219,"timestamp":"2024-09-01T15:18:49.726Z"}
{"level":"info","message":"onRequest - completionItem/resolve","timestamp":"2024-09-01T15:18:49.734Z"}
{"level":"info","message":"⌛ Validating jerry/testExample.wtest","timeElapsed":267,"timestamp":"2024-09-01T15:18:50.006Z"}
{"level":"info","message":"⌛ Building environment","timeElapsed":400,"timestamp":"2024-09-01T15:18:50.454Z"}
{"level":"info","message":"onRequest - completionItem/resolve","timestamp":"2024-09-01T15:18:50.455Z"}
{"level":"info","message":"⌛ Validating jerry/testExample.wtest","timeElapsed":274,"timestamp":"2024-09-01T15:18:50.733Z"}
{"level":"info","message":"⌛ Validating jerry/testExample.wtest","timeElapsed":380,"timestamp":"2024-09-01T15:18:51.123Z"}
{"level":"info","message":"⌛ Validating jerry/testExample.wtest","timeElapsed":321,"timestamp":"2024-09-01T15:18:51.445Z"}
{"level":"info","message":"⌛ Validating jerry/testExample.wtest","timeElapsed":167,"timestamp":"2024-09-01T15:18:51.614Z"}
{"level":"info","message":"⌛ Validating jerry/testExample.wtest","timeElapsed":122,"timestamp":"2024-09-01T15:18:51.740Z"}
{"level":"info","message":"⌛ Validating jerry/testExample.wtest","timeElapsed":149,"timestamp":"2024-09-01T15:18:51.891Z"}
{"failures":[{"error":["wollok.lib.AssertionException: Expected <7> but found <0>","  at jerry.testExample.\"Parte 1\".\"the velocity from Tom depends of your energy\" [jerry/testExample.wtest:14]"],"test":"jerry.testExample.\"Parte 1\".\"the velocity from Tom depends of your energy\""},{"error":["wollok.lang.DomainException: comer un raton","  at jerry.tomYJerry.tom.eat(rabbit) [jerry/tomYJerry.wlk:20]\r","  at jerry.testExample.\"Parte 1\".\"when Tom eat a rabbit, your energy grow up in base of your weigth at the rabbit\" [jerry/testExample.wtest:19]"],"test":"jerry.testExample.\"Parte 1\".\"when Tom eat a rabbit, your energy grow up in base of your weigth at the rabbit\""},{"error":["wollok.lang.DomainException: correr x segundos","  at jerry.tomYJerry.tom.run(seconds) [jerry/tomYJerry.wlk:24]\r","  at jerry.testExample.\"Parte 1\".\"When Tom run, lose energy\" [jerry/testExample.wtest:26]"],"test":"jerry.testExample.\"Parte 1\".\"When Tom run, lose energy\""}],"level":"info","message":"🧪 Test runner executed on c:/Users/egian/OneDrive/Escritorio/Z/Educacion/Cursos/ONE/Wollok-PdP-Objects","result":{"failed":3,"ok":1},"timeElapsed":987,"timestamp":"2024-09-01T15:19:04.107Z"}
{"level":"info","message":"⌛ Building environment","timeElapsed":2400,"timestamp":"2024-09-01T15:20:44.707Z"}
{"level":"info","message":"⌛ Validating jerry/tomYJerry.wlk","timeElapsed":319,"timestamp":"2024-09-01T15:20:45.069Z"}
{"level":"info","message":"⌛ Building environment","timeElapsed":329,"timestamp":"2024-09-01T15:20:46.303Z"}
{"level":"info","message":"⌛ Validating jerry/tomYJerry.wlk","timeElapsed":474,"timestamp":"2024-09-01T15:20:46.860Z"}
{"level":"info","message":"⌛ Building environment","timeElapsed":222,"timestamp":"2024-09-01T15:20:48.755Z"}
{"level":"info","message":"⌛ Validating jerry/tomYJerry.wlk","timeElapsed":438,"timestamp":"2024-09-01T15:20:49.290Z"}
{"level":"info","message":"⌛ Building environment","timeElapsed":336,"timestamp":"2024-09-01T15:20:51.010Z"}
{"level":"info","message":"⌛ Validating jerry/tomYJerry.wlk","timeElapsed":317,"timestamp":"2024-09-01T15:20:51.339Z"}
